<?xml version="1.0" encoding="UTF-8"?>
<!-- Generated by org.testng.reporters.JUnitXMLReporter -->
<testsuite ignored="0" hostname="MLR-LT260" failures="1" tests="3" name="Error Validation test" time="14.397" errors="0" timestamp="2024-08-25T21:23:43 IST">
  <testcase classname="ChaitraAcademy.tests.ErrorValidation" name="LoginErrorValidation" time="0.618">
    <skipped/>
  </testcase> <!-- LoginErrorValidation -->
  <testcase classname="ChaitraAcademy.tests.ErrorValidation" name="LoginErrorValidation" time="0.889">
    <failure type="java.lang.AssertionError" message="expected [Incorrect email or password.] but found [Incorrect mail or password.]">
      <![CDATA[java.lang.AssertionError: expected [Incorrect email or password.] but found [Incorrect mail or password.]
at ChaitraAcademy.tests.ErrorValidation.LoginErrorValidation(ErrorValidation.java:36)
at java.base/java.util.ArrayList.forEach(ArrayList.java:1597)
at java.base/java.util.concurrent.FutureTask.run(FutureTask.java:317)
at java.base/java.util.concurrent.ThreadPoolExecutor.runWorker(ThreadPoolExecutor.java:1144)
at java.base/java.util.concurrent.ThreadPoolExecutor$Worker.run(ThreadPoolExecutor.java:642)
at java.base/java.lang.Thread.run(Thread.java:1570)
... Removed 21 stack frames]]>
    </failure>
  </testcase> <!-- LoginErrorValidation -->
  <testcase classname="ChaitraAcademy.tests.ErrorValidation" name="ProductErrorValidation" time="5.338"/>
</testsuite> <!-- Error Validation test -->
