<?xml version="1.0" encoding="UTF-8"?>
<!-- Generated by org.testng.reporters.JUnitXMLReporter -->
<testsuite ignored="0" hostname="MLR-LT260" failures="0" tests="4" name="Test" time="43.203" errors="0" timestamp="2024-07-19T10:35:02 IST">
  <testcase classname="ChaitraAcademy.tests.ErrorValidation" name="LoginErrorValidation" time="1.167"/>
  <testcase classname="ChaitraAcademy.tests.ErrorValidation" name="ProductErrorValidation" time="6.738"/>
  <testcase classname="ChaitraAcademy.tests.SubmitOrderTest" name="SubmitOrder" time="17.284"/>
  <testcase classname="ChaitraAcademy.tests.SubmitOrderTest" name="OrderHistoryTest" time="1.146"/>
</testsuite> <!-- Test -->
