<?xml version="1.0" encoding="UTF-8"?>
<!-- Generated by org.testng.reporters.JUnitXMLReporter -->
<testsuite ignored="0" hostname="MLR-LT260" failures="1" tests="3" name="Error Validation test" time="12.984" errors="0" timestamp="2024-09-02T23:55:43 IST">
  <testcase classname="ChaitraAcademy.tests.ErrorValidation" name="LoginErrorValidation" time="0.876">
    <skipped/>
  </testcase> <!-- LoginErrorValidation -->
  <testcase classname="ChaitraAcademy.tests.ErrorValidation" name="LoginErrorValidation" time="0.409">
    <failure type="java.lang.AssertionError" message="expected [Incorrect email or password.] but found [Incorrect mail or password.]">
      <![CDATA[java.lang.AssertionError: expected [Incorrect email or password.] but found [Incorrect mail or password.]
at ChaitraAcademy.tests.ErrorValidation.LoginErrorValidation(ErrorValidation.java:36)
at java.base/java.util.ArrayList.forEach(ArrayList.java:1596)
... Removed 35 stack frames]]>
    </failure>
  </testcase> <!-- LoginErrorValidation -->
  <testcase classname="ChaitraAcademy.tests.ErrorValidation" name="ProductErrorValidation" time="6.248"/>
</testsuite> <!-- Error Validation test -->
