<?xml version="1.0" encoding="UTF-8"?>
<!-- Generated by org.testng.reporters.JUnitXMLReporter -->
<testsuite ignored="0" hostname="MLR-LT260" failures="0" tests="2" name="Submit order test" time="22.754" errors="0" timestamp="2024-09-02T23:55:30 IST">
  <testcase classname="ChaitraAcademy.tests.SubmitOrderTestTestdataprosample" name="SubmitOrder" time="17.246"/>
  <testcase classname="ChaitraAcademy.tests.SubmitOrderTestTestdataprosample" name="OrderHistoryTest" time="0.476"/>
</testsuite> <!-- Submit order test -->
